<?xml version="1.0" encoding="UTF-8"?>
<!-- Generated by org.testng.reporters.JUnitReportReporter -->
<testsuite skipped="0" hostname="GEPPARLA-IN" name="selenium.grid.GridDemoTest" tests="1" failures="0" timestamp="09 Jan 2020 18:14:47 GMT" time="6.597" errors="0">
  <testcase name="test1" time="6.597" classname="selenium.grid.GridDemoTest"/>
</testsuite> <!-- selenium.grid.GridDemoTest -->
